  [1m[35m (1.3ms)[0m  [1m[35mCREATE TABLE "schema_migrations" ("version" varchar NOT NULL PRIMARY KEY)[0m
  [1m[35m (0.9ms)[0m  [1m[35mCREATE TABLE "ar_internal_metadata" ("key" varchar NOT NULL PRIMARY KEY, "value" varchar, "created_at" datetime(6) NOT NULL, "updated_at" datetime(6) NOT NULL)[0m
  [1m[36mActiveRecord::SchemaMigration Pluck (0.2ms)[0m  [1m[34mSELECT "schema_migrations"."version" FROM "schema_migrations" ORDER BY "schema_migrations"."version" ASC[0m
Migrating to CreateBlogs (20230210013352)
  [1m[36mTRANSACTION (0.1ms)[0m  [1m[36mbegin transaction[0m
  [1m[35m (0.5ms)[0m  [1m[35mCREATE TABLE "blogs" ("id" integer PRIMARY KEY AUTOINCREMENT NOT NULL, "title" varchar, "content" varchar, "user_id" integer NOT NULL, "created_at" datetime(6) NOT NULL, "updated_at" datetime(6) NOT NULL, CONSTRAINT "fk_rails_40ebb3948d"
FOREIGN KEY ("user_id")
  REFERENCES "users" ("id")
)[0m
  [1m[35m (0.2ms)[0m  [1m[35mCREATE INDEX "index_blogs_on_user_id" ON "blogs" ("user_id")[0m
  [1m[36mActiveRecord::SchemaMigration Create (0.2ms)[0m  [1m[32mINSERT INTO "schema_migrations" ("version") VALUES (?)[0m  [["version", "20230210013352"]]
  [1m[36mTRANSACTION (0.8ms)[0m  [1m[36mcommit transaction[0m
Migrating to CreateUsers (20230210013526)
  [1m[36mTRANSACTION (0.1ms)[0m  [1m[36mbegin transaction[0m
  [1m[35m (0.4ms)[0m  [1m[35mCREATE TABLE "users" ("id" integer PRIMARY KEY AUTOINCREMENT NOT NULL, "email" varchar, "first_name" varchar, "last_name" varchar, "created_at" datetime(6) NOT NULL, "updated_at" datetime(6) NOT NULL)[0m
  [1m[36mActiveRecord::SchemaMigration Create (0.2ms)[0m  [1m[32mINSERT INTO "schema_migrations" ("version") VALUES (?)[0m  [["version", "20230210013526"]]
  [1m[36mTRANSACTION (1.1ms)[0m  [1m[36mcommit transaction[0m
  [1m[36mActiveRecord::InternalMetadata Load (0.3ms)[0m  [1m[34mSELECT "ar_internal_metadata".* FROM "ar_internal_metadata" WHERE "ar_internal_metadata"."key" = ? LIMIT ?[0m  [["key", "environment"], ["LIMIT", 1]]
  [1m[36mTRANSACTION (0.1ms)[0m  [1m[36mbegin transaction[0m
  [1m[36mActiveRecord::InternalMetadata Create (0.5ms)[0m  [1m[32mINSERT INTO "ar_internal_metadata" ("key", "value", "created_at", "updated_at") VALUES (?, ?, ?, ?)[0m  [["key", "environment"], ["value", "development"], ["created_at", "2023-02-10 01:35:37.277237"], ["updated_at", "2023-02-10 01:35:37.277237"]]
  [1m[36mTRANSACTION (0.9ms)[0m  [1m[36mcommit transaction[0m
  [1m[36mActiveRecord::SchemaMigration Pluck (0.1ms)[0m  [1m[34mSELECT "schema_migrations"."version" FROM "schema_migrations" ORDER BY "schema_migrations"."version" ASC[0m
  [1m[36mTRANSACTION (0.1ms)[0m  [1m[36mbegin transaction[0m
  [1m[36mUser Create (0.5ms)[0m  [1m[32mINSERT INTO "users" ("email", "first_name", "last_name", "created_at", "updated_at") VALUES (?, ?, ?, ?, ?)[0m  [["email", "john@google.com"], ["first_name", "John"], ["last_name", "Doe"], ["created_at", "2023-02-10 01:38:20.903539"], ["updated_at", "2023-02-10 01:38:20.903539"]]
  [1m[36mTRANSACTION (1.1ms)[0m  [1m[36mcommit transaction[0m
  [1m[36mBlog Load (0.2ms)[0m  [1m[34mSELECT "blogs".* FROM "blogs" WHERE "blogs"."user_id" = ?[0m  [["user_id", 1]]
  [1m[36mTRANSACTION (0.1ms)[0m  [1m[36mbegin transaction[0m
  [1m[36mBlog Create (0.4ms)[0m  [1m[32mINSERT INTO "blogs" ("title", "content", "user_id", "created_at", "updated_at") VALUES (?, ?, ?, ?, ?)[0m  [["title", "Top ten NPM packages"], ["content", "lorem ipsum"], ["user_id", 1], ["created_at", "2023-02-10 01:39:18.070381"], ["updated_at", "2023-02-10 01:39:18.070381"]]
  [1m[36mTRANSACTION (0.8ms)[0m  [1m[36mcommit transaction[0m
  [1m[36mTRANSACTION (0.1ms)[0m  [1m[36mbegin transaction[0m
  [1m[36mUser Create (0.6ms)[0m  [1m[32mINSERT INTO "users" ("email", "first_name", "last_name", "created_at", "updated_at") VALUES (?, ?, ?, ?, ?)[0m  [["email", nil], ["first_name", nil], ["last_name", nil], ["created_at", "2023-02-10 01:55:14.669222"], ["updated_at", "2023-02-10 01:55:14.669222"]]
  [1m[36mTRANSACTION (1.1ms)[0m  [1m[36mcommit transaction[0m
  [1m[36mBlog Load (0.2ms)[0m  [1m[34mSELECT "blogs".* FROM "blogs" WHERE "blogs"."user_id" = ?[0m  [["user_id", 2]]
